[     475ms] [WARNING] Error with Permissions-Policy header: Unrecognized feature: 'pointer-lock'. @ :0
[     915ms] [WARNING] react-i18next:: useTranslation: You will need to pass in an i18next instance by using initReactI18next {code: NO_I18NEXT_INSTANCE} @ https://cdn.grok.com/_next/static/chunks/ff9f5d6b4ab2be9e.js:2
[    1281ms] [INFO] 
█░░░░░░░░░░░░░░░░░░░░░░░░░░░░░░░░░░░░░░░░▓
░                                        ░
░                                        ░
░                                 ░▒░    ░
░                ░░▒▒▒▒▒░░░     ░█░      ░
░            ░▒████████████▓░ ▒██░       ░
░          ░████▓░         ░▓███░        ░
░         ░███▒          ░▓█████░        ░
░         ███░         ░██▒  ▓███░       ░
░        ░███░       ▒█▒      ███░       ░
░         ███░     ▒░░       ▒███░       ░
░         ▒███░             ░███░        ░
░         ░███▓░         ░▒████░         ░
░         ▓█░ ░▒▓████████████░           ░
░       ▒▒░     ░░▒█████▒░░              ░
░     ▒░                                 ░
░                                        ░
░                                        ░
█░░░░░░░░░░░░░░░░░░░░░░░░░░░░░░░░░░░░░░░░▓

Curious? Join us at https://x.ai/careers @ https://cdn.grok.com/_next/static/chunks/ff9f5d6b4ab2be9e.js:2
