[     890ms] [LOG] {event: CustomEvent, detail: Object} @ https://labs.google/fx/tools/flow:23
[    1091ms] [ERROR] Failed to load resource: the server responded with a status of 401 () @ https://labs.google/fx/api/trpc/general.submitBatchLog:0
[    1092ms] [ERROR] TRPCClientError: Unauthorized
    at _0x4449e2.from (https://labs.google/fx/_next/static/chunks/pages/_app-b4ebc1cd0efc9c98.js:1:396413)
    at https://labs.google/fx/_next/static/chunks/pages/_app-b4ebc1cd0efc9c98.js:1:405994 @ https://labs.google/fx/_next/static/chunks/pages/_app-b4ebc1cd0efc9c98.js:0
[    1093ms] [ERROR] logging event error TRPCClientError: Unauthorized
    at _0x4449e2.from (https://labs.google/fx/_next/static/chunks/pages/_app-b4ebc1cd0efc9c98.js:1:396413)
    at https://labs.google/fx/_next/static/chunks/pages/_app-b4ebc1cd0efc9c98.js:1:405994 @ https://labs.google/fx/_next/static/chunks/pages/_app-b4ebc1cd0efc9c98.js:0
[    1096ms] [ERROR] Failed to load resource: the server responded with a status of 401 () @ https://labs.google/fx/api/trpc/general.fetchUserAcknowledgement?input=%7B%22json%22%3A%7B%22toolName%22%3A%22PINHOLE%22%7D%7D:0
[    1096ms] [ERROR] Failed to load resource: the server responded with a status of 401 () @ https://labs.google/fx/api/trpc/videoFx.getFlowAppConfig?input=%7B%22json%22%3Anull%2C%22meta%22%3A%7B%22values%22%3A%5B%22undefined%22%5D%7D%7D:0
[    1097ms] [ERROR] TRPCClientError: Unauthorized
    at _0x4449e2.from (https://labs.google/fx/_next/static/chunks/pages/_app-b4ebc1cd0efc9c98.js:1:396413)
    at https://labs.google/fx/_next/static/chunks/pages/_app-b4ebc1cd0efc9c98.js:1:405994 @ https://labs.google/fx/_next/static/chunks/pages/_app-b4ebc1cd0efc9c98.js:0
[    1098ms] [ERROR] Failed to load resource: the server responded with a status of 401 () @ https://labs.google/fx/api/trpc/project.searchUserProjects?input=%7B%22json%22%3A%7B%22pageSize%22%3A20%2C%22toolName%22%3A%22PINHOLE%22%2C%22cursor%22%3Anull%7D%2C%22meta%22%3A%7B%22values%22%3A%7B%22cursor%22%3A%5B%22undefined%22%5D%7D%7D%7D:0
[    1098ms] [ERROR] Failed to load resource: the server responded with a status of 401 () @ https://labs.google/fx/api/trpc/general.fetchToolAvailability?input=%7B%22json%22%3A%7B%22tool%22%3A%22PINHOLE%22%7D%7D:0
[    1102ms] [ERROR] Failed to load resource: the server responded with a status of 401 () @ https://labs.google/fx/api/trpc/general.fetchUserLocale?input=%7B%22json%22%3Anull%2C%22meta%22%3A%7B%22values%22%3A%5B%22undefined%22%5D%7D%7D:0
[    1102ms] [ERROR] TRPCClientError: Unauthorized
    at _0x4449e2.from (https://labs.google/fx/_next/static/chunks/pages/_app-b4ebc1cd0efc9c98.js:1:396413)
    at https://labs.google/fx/_next/static/chunks/pages/_app-b4ebc1cd0efc9c98.js:1:405994 @ https://labs.google/fx/_next/static/chunks/pages/_app-b4ebc1cd0efc9c98.js:0
[    1114ms] [ERROR] Failed to load resource: the server responded with a status of 401 () @ https://labs.google/fx/api/trpc/general.fetchUserAcknowledgement?input=%7B%22json%22%3A%7B%22acknowledgementVersion%22%3A%22CREATIVE_PARTNER_PROGRAM_TOS%22%7D%7D:0
[    1201ms] [ERROR] Failed to load resource: the server responded with a status of 401 () @ https://labs.google/fx/api/trpc/general.submitBatchLog:0
[    1202ms] [ERROR] TRPCClientError: Unauthorized
    at _0x4449e2.from (https://labs.google/fx/_next/static/chunks/pages/_app-b4ebc1cd0efc9c98.js:1:396413)
    at https://labs.google/fx/_next/static/chunks/pages/_app-b4ebc1cd0efc9c98.js:1:405994 @ https://labs.google/fx/_next/static/chunks/pages/_app-b4ebc1cd0efc9c98.js:0
[    1202ms] [ERROR] logging event error TRPCClientError: Unauthorized
    at _0x4449e2.from (https://labs.google/fx/_next/static/chunks/pages/_app-b4ebc1cd0efc9c98.js:1:396413)
    at https://labs.google/fx/_next/static/chunks/pages/_app-b4ebc1cd0efc9c98.js:1:405994 @ https://labs.google/fx/_next/static/chunks/pages/_app-b4ebc1cd0efc9c98.js:0
[    1620ms] [ERROR] Failed to load resource: the server responded with a status of 401 () @ https://aisandbox-pa.googleapis.com/v1:fetchUserRecommendations:0
[    1621ms] [ERROR] Failed to load resource: the server responded with a status of 401 () @ https://aisandbox-pa.googleapis.com/v1/credits?key=AIzaSyBtrm0o5ab1c-Ec8ZuLcGt3oJAA5VWt3pY:0
[    2037ms] [ERROR] Failed to load resource: the server responded with a status of 401 () @ https://aisandbox-pa.googleapis.com/v1:fetchUserRecommendations:0
[    2037ms] [ERROR] Response @ https://labs.google/fx/_next/static/chunks/pages/_app-b4ebc1cd0efc9c98.js:0
[    2159ms] [ERROR] Failed to load resource: the server responded with a status of 401 () @ https://aisandbox-pa.googleapis.com/v1/credits?key=AIzaSyBtrm0o5ab1c-Ec8ZuLcGt3oJAA5VWt3pY:0
[    2334ms] [ERROR] Failed to load resource: the server responded with a status of 401 () @ https://labs.google/fx/api/trpc/project.searchUserProjects?input=%7B%22json%22%3A%7B%22pageSize%22%3A20%2C%22toolName%22%3A%22PINHOLE%22%2C%22cursor%22%3Anull%7D%2C%22meta%22%3A%7B%22values%22%3A%7B%22cursor%22%3A%5B%22undefined%22%5D%7D%7D%7D:0
[    2389ms] [ERROR] Failed to load resource: the server responded with a status of 401 () @ https://labs.google/fx/api/trpc/general.fetchUserAcknowledgement?input=%7B%22json%22%3A%7B%22acknowledgementVersion%22%3A%22CREATIVE_PARTNER_PROGRAM_TOS%22%7D%7D:0
[    2407ms] [ERROR] Failed to load resource: the server responded with a status of 401 () @ https://labs.google/fx/api/trpc/videoFx.getFlowAppConfig?input=%7B%22json%22%3Anull%2C%22meta%22%3A%7B%22values%22%3A%5B%22undefined%22%5D%7D%7D:0
[    3038ms] [LOG] %c%s color: red; background: yellow; font-size: 24px; 警告！ @ https://www.gstatic.com/_/mss/boq-identity/_/js/k=boq-identity.AccountsSignInUi.zh_CN.M-UzfDx4jkw.es5.O/am=Kd8AAAChEAVCBgDj__8HAAiAIGrg9SwATSAyAAAAAAAAAABgAQAAGgE/d=1/excm=_b,_tp,accountchooserview/ed=1/dg=0/wt=2/ujg=1/rs=AOaEmlFOvdrFFqGidhhvWR7AOi-g8ejxOQ/dti=1/m=_b,_tp:542
[    3038ms] [LOG] %c%s font-size: 18px; 使用此控制台可能会导致攻击程序利用 Self-XSS 攻击冒充您并窃取您的信息。
请勿输入或粘贴您不明白的代码。 @ https://www.gstatic.com/_/mss/boq-identity/_/js/k=boq-identity.AccountsSignInUi.zh_CN.M-UzfDx4jkw.es5.O/am=Kd8AAAChEAVCBgDj__8HAAiAIGrg9SwATSAyAAAAAAAAAABgAQAAGgE/d=1/excm=_b,_tp,accountchooserview/ed=1/dg=0/wt=2/ujg=1/rs=AOaEmlFOvdrFFqGidhhvWR7AOi-g8ejxOQ/dti=1/m=_b,_tp:542
